<?xml version="1.0" encoding="UTF-8"?>
<testng-results skipped="1" failed="0" ignored="0" total="1" passed="0">
  <reporter-output>
  </reporter-output>
  <suite name="Suite" duration-ms="38" started-at="2019-04-11T05:00:39Z" finished-at="2019-04-11T05:00:39Z">
    <groups>
    </groups>
    <test name="Test" duration-ms="38" started-at="2019-04-11T05:00:39Z" finished-at="2019-04-11T05:00:39Z">
      <class name="com.qa.TestExcecution.loginTest">
        <test-method status="FAIL" signature="launch()[pri:0, instance:com.qa.TestExcecution.loginTest@68c4039c]" name="launch" is-config="true" duration-ms="8" started-at="2019-04-11T05:00:39Z" finished-at="2019-04-11T05:00:39Z">
          <exception class="java.util.MissingResourceException">
            <message>
              <![CDATA[Can't find bundle for base name com.qa.TestExcecution.config, locale en_US]]>
            </message>
            <full-stacktrace>
              <![CDATA[java.util.MissingResourceException: Can't find bundle for base name com.qa.TestExcecution.config, locale en_US
at java.util.ResourceBundle.throwMissingResourceException(ResourceBundle.java:1573)
at java.util.ResourceBundle.getBundleImpl(ResourceBundle.java:1396)
at java.util.ResourceBundle.getBundle(ResourceBundle.java:854)
at com.qa.base.createDriver.generateDriver(createDriver.java:23)
at com.qa.TestExcecution.loginTest.launch(loginTest.java:21)
at sun.reflect.NativeMethodAccessorImpl.invoke0(Native Method)
at sun.reflect.NativeMethodAccessorImpl.invoke(NativeMethodAccessorImpl.java:62)
at sun.reflect.DelegatingMethodAccessorImpl.invoke(DelegatingMethodAccessorImpl.java:43)
at java.lang.reflect.Method.invoke(Method.java:498)
at org.testng.internal.MethodInvocationHelper.invokeMethod(MethodInvocationHelper.java:124)
at org.testng.internal.MethodInvocationHelper.invokeMethodConsideringTimeout(MethodInvocationHelper.java:59)
at org.testng.internal.Invoker.invokeConfigurationMethod(Invoker.java:458)
at org.testng.internal.Invoker.invokeConfigurations(Invoker.java:222)
at org.testng.internal.Invoker.invokeMethod(Invoker.java:523)
at org.testng.internal.Invoker.invokeTestMethod(Invoker.java:719)
at org.testng.internal.Invoker.invokeTestMethods(Invoker.java:989)
at org.testng.internal.TestMethodWorker.invokeTestMethods(TestMethodWorker.java:125)
at org.testng.internal.TestMethodWorker.run(TestMethodWorker.java:109)
at org.testng.TestRunner.privateRun(TestRunner.java:648)
at org.testng.TestRunner.run(TestRunner.java:505)
at org.testng.SuiteRunner.runTest(SuiteRunner.java:455)
at org.testng.SuiteRunner.access$000(SuiteRunner.java:40)
at org.testng.SuiteRunner$SuiteWorker.run(SuiteRunner.java:489)
at org.testng.internal.thread.ThreadUtil$1.call(ThreadUtil.java:52)
at java.util.concurrent.FutureTask.run(FutureTask.java:266)
at java.util.concurrent.ThreadPoolExecutor.runWorker(ThreadPoolExecutor.java:1149)
at java.util.concurrent.ThreadPoolExecutor$Worker.run(ThreadPoolExecutor.java:624)
at java.lang.Thread.run(Thread.java:748)
]]>
            </full-stacktrace>
          </exception> <!-- java.util.MissingResourceException -->
          <reporter-output>
          </reporter-output>
        </test-method> <!-- launch -->
        <test-method status="SKIP" signature="tc_01()[pri:0, instance:com.qa.TestExcecution.loginTest@68c4039c]" name="tc_01" duration-ms="0" started-at="2019-04-11T05:00:39Z" finished-at="2019-04-11T05:00:39Z">
          <exception class="java.util.MissingResourceException">
            <message>
              <![CDATA[Can't find bundle for base name com.qa.TestExcecution.config, locale en_US]]>
            </message>
            <full-stacktrace>
              <![CDATA[java.util.MissingResourceException: Can't find bundle for base name com.qa.TestExcecution.config, locale en_US
at java.util.ResourceBundle.throwMissingResourceException(ResourceBundle.java:1573)
at java.util.ResourceBundle.getBundleImpl(ResourceBundle.java:1396)
at java.util.ResourceBundle.getBundle(ResourceBundle.java:854)
at com.qa.base.createDriver.generateDriver(createDriver.java:23)
at com.qa.TestExcecution.loginTest.launch(loginTest.java:21)
at sun.reflect.NativeMethodAccessorImpl.invoke0(Native Method)
at sun.reflect.NativeMethodAccessorImpl.invoke(NativeMethodAccessorImpl.java:62)
at sun.reflect.DelegatingMethodAccessorImpl.invoke(DelegatingMethodAccessorImpl.java:43)
at java.lang.reflect.Method.invoke(Method.java:498)
at org.testng.internal.MethodInvocationHelper.invokeMethod(MethodInvocationHelper.java:124)
at org.testng.internal.MethodInvocationHelper.invokeMethodConsideringTimeout(MethodInvocationHelper.java:59)
at org.testng.internal.Invoker.invokeConfigurationMethod(Invoker.java:458)
at org.testng.internal.Invoker.invokeConfigurations(Invoker.java:222)
at org.testng.internal.Invoker.invokeMethod(Invoker.java:523)
at org.testng.internal.Invoker.invokeTestMethod(Invoker.java:719)
at org.testng.internal.Invoker.invokeTestMethods(Invoker.java:989)
at org.testng.internal.TestMethodWorker.invokeTestMethods(TestMethodWorker.java:125)
at org.testng.internal.TestMethodWorker.run(TestMethodWorker.java:109)
at org.testng.TestRunner.privateRun(TestRunner.java:648)
at org.testng.TestRunner.run(TestRunner.java:505)
at org.testng.SuiteRunner.runTest(SuiteRunner.java:455)
at org.testng.SuiteRunner.access$000(SuiteRunner.java:40)
at org.testng.SuiteRunner$SuiteWorker.run(SuiteRunner.java:489)
at org.testng.internal.thread.ThreadUtil$1.call(ThreadUtil.java:52)
at java.util.concurrent.FutureTask.run(FutureTask.java:266)
at java.util.concurrent.ThreadPoolExecutor.runWorker(ThreadPoolExecutor.java:1149)
at java.util.concurrent.ThreadPoolExecutor$Worker.run(ThreadPoolExecutor.java:624)
at java.lang.Thread.run(Thread.java:748)
]]>
            </full-stacktrace>
          </exception> <!-- java.util.MissingResourceException -->
          <reporter-output>
          </reporter-output>
        </test-method> <!-- tc_01 -->
        <test-method status="SKIP" signature="teardown()[pri:0, instance:com.qa.TestExcecution.loginTest@68c4039c]" name="teardown" is-config="true" duration-ms="0" started-at="2019-04-11T05:00:39Z" finished-at="2019-04-11T05:00:39Z">
          <reporter-output>
          </reporter-output>
        </test-method> <!-- teardown -->
      </class> <!-- com.qa.TestExcecution.loginTest -->
    </test> <!-- Test -->
  </suite> <!-- Suite -->
</testng-results>
